<?xml version="1.0" encoding="UTF-8"?>
<!-- Generated by org.testng.reporters.JUnitReportReporter -->
<testsuite hostname="DESKTOP-QNHJ5Q7" failures="0" tests="1" name="restAPI_reqres.GET_01_ListUser_Validation2" time="2.691" errors="0" timestamp="2022-07-26T00:56:15 PDT" skipped="0">
  <testcase classname="restAPI_reqres.GET_01_ListUser_Validation2" name="verifyStatusCode" time="2.691"/>
  <system-out/>
</testsuite> <!-- restAPI_reqres.GET_01_ListUser_Validation2 -->
