<?xml version="1.0" encoding="UTF-8"?>
<!-- Generated by org.testng.reporters.JUnitReportReporter -->
<testsuite hostname="DESKTOP-QNHJ5Q7" failures="0" tests="4" name="restAPI_reqres.GET_01_ListUser_Validation" time="0.071" errors="0" timestamp="2022-07-26T00:19:31 PDT" skipped="0">
  <testcase classname="restAPI_reqres.GET_01_ListUser_Validation" name="verifyResponseTime" time="0.005"/>
  <system-out/>
  <testcase classname="restAPI_reqres.GET_01_ListUser_Validation" name="verifyStatusCode" time="0.004"/>
  <system-out/>
  <testcase classname="restAPI_reqres.GET_01_ListUser_Validation" name="verifyContentType" time="0.012"/>
  <system-out/>
  <testcase classname="restAPI_reqres.GET_01_ListUser_Validation" name="verifyResponseBodyValue" time="0.050"/>
  <system-out/>
</testsuite> <!-- restAPI_reqres.GET_01_ListUser_Validation -->
